<?xml version="1.0" encoding="UTF-8"?>
<!-- Generated by org.testng.reporters.JUnitReportReporter -->
<testsuite hostname="LAPTOP-PTT52QJ2" failures="0" tests="3" name="testNG_Annotation.amazon_Facebook_snapdeal" time="13.555" errors="0" timestamp="2024-06-09T18:07:30 BST" skipped="0">
  <testcase classname="testNG_Annotation.amazon_Facebook_snapdeal" name="snapdeal" time="6.065"/>
  <testcase classname="testNG_Annotation.amazon_Facebook_snapdeal" name="amazon" time="4.012"/>
  <testcase classname="testNG_Annotation.amazon_Facebook_snapdeal" name="fb" time="3.478"/>
</testsuite> <!-- testNG_Annotation.amazon_Facebook_snapdeal -->
