<?xml version="1.0" encoding="UTF-8"?>
<!-- Generated by org.testng.reporters.JUnitReportReporter -->
<testsuite hostname="LAPTOP-PTT52QJ2" failures="0" tests="3" name="TestGN.DataProviders" time="20.491" errors="0" timestamp="2024-06-15T13:37:02 BST" skipped="0">
  <testcase classname="TestGN.DataProviders" name="demo" time="4.426"/>
  <testcase classname="TestGN.DataProviders" name="demo" time="12.046"/>
  <testcase classname="TestGN.DataProviders" name="demo" time="4.019"/>
</testsuite> <!-- TestGN.DataProviders -->
