<?xml version="1.0" encoding="UTF-8"?>
<!-- Generated by org.testng.reporters.JUnitReportReporter -->
<testsuite hostname="LAPTOP-PTT52QJ2" failures="0" tests="1" name="TestNG_Sequential.Amazon" time="4.536" errors="0" timestamp="2024-06-05T20:12:12 BST" skipped="0">
  <testcase classname="TestNG_Sequential.Amazon" name="demo1" time="4.536"/>
</testsuite> <!-- TestNG_Sequential.Amazon -->
