<?xml version="1.0" encoding="UTF-8"?>
<!-- Generated by org.testng.reporters.JUnitReportReporter -->
<testsuite hostname="LAPTOP-PTT52QJ2" failures="0" tests="2" name="TestNG_Parallel.Compatibility_parallel" time="7.506" errors="0" timestamp="2024-06-05T22:40:13 BST" skipped="0">
  <testcase classname="TestNG_Parallel.Compatibility_parallel" name="fb" time="4.274"/>
  <testcase classname="TestNG_Parallel.Compatibility_parallel" name="fb" time="3.232"/>
</testsuite> <!-- TestNG_Parallel.Compatibility_parallel -->
