<?xml version="1.0" encoding="UTF-8"?>
<!-- Generated by org.testng.reporters.JUnitReportReporter -->
<testsuite hostname="LAPTOP-PTT52QJ2" failures="0" tests="1" name="TestNG_FialingPurpose.Facebook" time="3.949" errors="0" timestamp="2024-06-09T21:42:19 BST" skipped="0">
  <testcase classname="TestNG_FialingPurpose.Facebook" name="fb" time="3.949"/>
</testsuite> <!-- TestNG_FialingPurpose.Facebook -->
