<?xml version="1.0" encoding="UTF-8"?>
<!-- Generated by org.testng.reporters.JUnitReportReporter -->
<testsuite hostname="LAPTOP-PTT52QJ2" failures="0" tests="3" name="TestGN.Priority_invocation_Enabled" time="0.013" errors="0" timestamp="2024-06-01T22:13:45 BST" skipped="0">
  <testcase classname="TestGN.Priority_invocation_Enabled" name="demo3" time="0.002"/>
  <testcase classname="TestGN.Priority_invocation_Enabled" name="demo1" time="0.009"/>
  <testcase classname="TestGN.Priority_invocation_Enabled" name="demo2" time="0.002"/>
</testsuite> <!-- TestGN.Priority_invocation_Enabled -->
