<?xml version="1.0" encoding="UTF-8"?>
<!-- Generated by org.testng.reporters.JUnitReportReporter -->
<testsuite hostname="LAPTOP-PTT52QJ2" failures="0" tests="1" name="TestNG_Group.Sample1_group" time="0.010" errors="0" timestamp="2024-06-05T23:10:59 BST" skipped="0">
  <testcase classname="TestNG_Group.Sample1_group" name="demo2" time="0.010"/>
</testsuite> <!-- TestNG_Group.Sample1_group -->
