<?xml version="1.0" encoding="UTF-8"?>
<!-- Generated by org.testng.reporters.JUnitReportReporter -->
<testsuite hostname="LAPTOP-PTT52QJ2" failures="0" tests="1" name="TestNG_Parallel.Facebook_parallel_Distributed" time="5.017" errors="0" timestamp="2024-06-05T20:38:59 BST" skipped="0">
  <testcase classname="TestNG_Parallel.Facebook_parallel_Distributed" name="fb" time="5.017"/>
</testsuite> <!-- TestNG_Parallel.Facebook_parallel_Distributed -->
