<?xml version="1.0" encoding="UTF-8"?>
<!-- Generated by org.testng.reporters.JUnitReportReporter -->
<testsuite hostname="LAPTOP-PTT52QJ2" failures="0" tests="1" name="TestNG_FialingPurpose.Amazon" time="4.933" errors="0" timestamp="2024-06-09T21:34:11 BST" skipped="0">
  <testcase classname="TestNG_FialingPurpose.Amazon" name="amazon" time="4.933"/>
</testsuite> <!-- TestNG_FialingPurpose.Amazon -->
