<?xml version="1.0" encoding="UTF-8"?>
<!-- Generated by org.testng.reporters.JUnitReportReporter -->
<testsuite hostname="LAPTOP-PTT52QJ2" failures="0" tests="1" name="TestNG_Sequential.Facebook" time="9.287" errors="0" timestamp="2024-06-05T20:12:12 BST" skipped="0">
  <testcase classname="TestNG_Sequential.Facebook" name="demo1" time="9.287"/>
</testsuite> <!-- TestNG_Sequential.Facebook -->
