<?xml version="1.0" encoding="UTF-8"?>
<!-- Generated by org.testng.reporters.JUnitReportReporter -->
<testsuite hostname="LAPTOP-PTT52QJ2" failures="0" tests="1" name="TestNG_Parallel.Amazon_Parallel_Distributed" time="3.640" errors="0" timestamp="2024-06-05T20:38:59 BST" skipped="0">
  <testcase classname="TestNG_Parallel.Amazon_Parallel_Distributed" name="Amazon" time="3.640"/>
</testsuite> <!-- TestNG_Parallel.Amazon_Parallel_Distributed -->
